#
# There is insufficient memory for the Java Runtime Environment to continue.
# Native memory allocation (mmap) failed to map 134217728 bytes for G1 virtual space
# Possible reasons:
#   The system is out of physical RAM or swap space
#   The process is running with CompressedOops enabled, and the Java Heap may be blocking the growth of the native heap
# Possible solutions:
#   Reduce memory load on the system
#   Increase physical memory or swap space
#   Check if swap backing store is full
#   Decrease Java heap size (-Xmx/-Xms)
#   Decrease number of Java threads
#   Decrease Java thread stack sizes (-Xss)
#   Set larger code cache with -XX:ReservedCodeCacheSize=
#   JVM is running with Unscaled Compressed Oops mode in which the Java heap is
#     placed in the first 4GB address space. The Java Heap base address is the
#     maximum limit for the native heap growth. Please use -XX:HeapBaseMinAddress
#     to set the Java Heap base and to place the Java Heap above 4GB virtual address.
# This output file may be truncated or incomplete.
#
#  Out of Memory Error (os_windows.cpp:3600), pid=14824, tid=19368
#
# JRE version:  (21.0.1+12) (build )
# Java VM: Java HotSpot(TM) 64-Bit Server VM (21.0.1+12-LTS-29, mixed mode, sharing, tiered, compressed oops, compressed class ptrs, g1 gc, windows-amd64)
# No core dump will be written. Minidumps are not enabled by default on client versions of Windows
#

---------------  S U M M A R Y ------------

Command Line: -XX:+ShowCodeDetailsInExceptionMessages Dashboard

Host: Intel(R) Core(TM) i3-7100 CPU @ 3.90GHz, 4 cores, 7G,  Windows 10 , 64 bit Build 19041 (10.0.19041.3636)
Time: Wed Jun 19 13:43:39 2024 South Africa Standard Time elapsed time: 0.013083 seconds (0d 0h 0m 0s)

---------------  T H R E A D  ---------------

Current thread (0x000001d9d7088300):  JavaThread "Unknown thread" [_thread_in_vm, id=19368, stack(0x000000874ab00000,0x000000874ac00000) (1024K)]

Stack: [0x000000874ab00000,0x000000874ac00000]
Native frames: (J=compiled Java code, j=interpreted, Vv=VM code, C=native code)
V  [jvm.dll+0x6c9029]
V  [jvm.dll+0x854b81]
V  [jvm.dll+0x856e5e]
V  [jvm.dll+0x857543]
V  [jvm.dll+0x280c06]
V  [jvm.dll+0x6c5715]
V  [jvm.dll+0x6ba10a]
V  [jvm.dll+0x3557ea]
V  [jvm.dll+0x35d436]
V  [jvm.dll+0x3ae1be]
V  [jvm.dll+0x3ae468]
V  [jvm.dll+0x3291fc]
V  [jvm.dll+0x329d8b]
V  [jvm.dll+0x81d179]
V  [jvm.dll+0x3bb4f1]
V  [jvm.dll+0x805ae8]
V  [jvm.dll+0x44effe]
V  [jvm.dll+0x450901]
C  [jli.dll+0x52a3]
C  [ucrtbase.dll+0x21bb2]
C  [KERNEL32.DLL+0x17344]
C  [ntdll.dll+0x4cc91]


---------------  P R O C E S S  ---------------

Threads class SMR info:
_java_thread_list=0x00007fffb9a09b88, length=0, elements={
}

Java Threads: ( => current thread )
Total: 0

Other Threads:
  0x000001d9d91cce00 WorkerThread "GC Thread#0"                     [id=17536, stack(0x000000874ac00000,0x000000874ad00000) (1024K)]
  0x000001d9d91de520 ConcurrentGCThread "G1 Main Marker"            [id=19020, stack(0x000000874ad00000,0x000000874ae00000) (1024K)]
  0x000001d9d91df7c0 WorkerThread "G1 Conc#0"                       [id=296, stack(0x000000874ae00000,0x000000874af00000) (1024K)]

[error occurred during error reporting (printing all threads), id 0xc0000005, EXCEPTION_ACCESS_VIOLATION (0xc0000005) at pc=0x00007fffb917c2c7]
VM state: not at safepoint (not fully initialized)

VM Mutex/Monitor currently owned by a thread:  ([mutex/lock_event])
[0x00007fffb9a7a6f8] Heap_lock - owner thread: 0x000001d9d7088300

Heap address: 0x0000000081400000, size: 2028 MB, Compressed Oops mode: 32-bit

CDS archive(s) mapped at: [0x0000000000000000-0x0000000000000000-0x0000000000000000), size 0, SharedBaseAddress: 0x0000000800000000, ArchiveRelocationMode: 1.
Narrow klass base: 0x0000000000000000, Narrow klass shift: 0, Narrow klass range: 0x0

GC Precious Log:
 CardTable entry size: 512
 Card Set container configuration: InlinePtr #cards 5 size 8 Array Of Cards #cards 12 size 40 Howl #buckets 4 coarsen threshold 1843 Howl Bitmap #cards 512 size 80 coarsen threshold 460 Card regions per heap region 1 cards per card region 2048

Heap:
 garbage-first heap   total 0K, used 0K [0x0000000081400000, 0x0000000100000000)
  region size 1024K, 0 young (0K), 0 survivors (0K)

[error occurred during error reporting (printing heap information), id 0xc0000005, EXCEPTION_ACCESS_VIOLATION (0xc0000005) at pc=0x00007fffb9561be9]
GC Heap History (0 events):
No events

Dll operation events (1 events):
Event: 0.005 Loaded shared library C:\Program Files\Java\jdk-21\bin\java.dll

Deoptimization events (0 events):
No events

Classes loaded (0 events):
No events

Classes unloaded (0 events):
No events

Classes redefined (0 events):
No events

Internal exceptions (0 events):
No events

ZGC Phase Switch (0 events):
No events

VM Operations (0 events):
No events

Events (0 events):
No events


Dynamic libraries:
0x00007ff660070000 - 0x00007ff660080000 	C:\Program Files\Java\jdk-21\bin\java.exe
0x00007ff874730000 - 0x00007ff874928000 	C:\WINDOWS\SYSTEM32\ntdll.dll
0x00007ff873460000 - 0x00007ff87351d000 	C:\WINDOWS\System32\KERNEL32.DLL
0x00007ff8722c0000 - 0x00007ff8725b6000 	C:\WINDOWS\System32\KERNELBASE.dll
0x00007ff8725c0000 - 0x00007ff8726c0000 	C:\WINDOWS\System32\ucrtbase.dll
0x00007ff852d30000 - 0x00007ff852d49000 	C:\Program Files\Java\jdk-21\bin\jli.dll
0x00007ff873550000 - 0x00007ff873600000 	C:\WINDOWS\System32\ADVAPI32.dll
0x00007ff874590000 - 0x00007ff87462e000 	C:\WINDOWS\System32\msvcrt.dll
0x00007ff874110000 - 0x00007ff8741b0000 	C:\WINDOWS\System32\sechost.dll
0x00007ff873740000 - 0x00007ff873863000 	C:\WINDOWS\System32\RPCRT4.dll
0x00007ff872740000 - 0x00007ff872767000 	C:\WINDOWS\System32\bcrypt.dll
0x00007ff8743f0000 - 0x00007ff87458f000 	C:\WINDOWS\System32\USER32.dll
0x00007ff85f170000 - 0x00007ff85f18b000 	C:\Program Files\Java\jdk-21\bin\VCRUNTIME140.dll
0x00007ff872710000 - 0x00007ff872732000 	C:\WINDOWS\System32\win32u.dll
0x00007ff874230000 - 0x00007ff87425b000 	C:\WINDOWS\System32\GDI32.dll
0x00007ff871e90000 - 0x00007ff871fa7000 	C:\WINDOWS\System32\gdi32full.dll
0x00007ff871df0000 - 0x00007ff871e8d000 	C:\WINDOWS\System32\msvcp_win.dll
0x00007ff84c0e0000 - 0x00007ff84c37a000 	C:\WINDOWS\WinSxS\amd64_microsoft.windows.common-controls_6595b64144ccf1df_6.0.19041.4355_none_60b8b9eb71f62e16\COMCTL32.dll
0x00007ff867ae0000 - 0x00007ff867aea000 	C:\WINDOWS\SYSTEM32\VERSION.dll
0x00007ff873520000 - 0x00007ff87354f000 	C:\WINDOWS\System32\IMM32.DLL
0x00007ff86f1c0000 - 0x00007ff86f1cc000 	C:\Program Files\Java\jdk-21\bin\vcruntime140_1.dll
0x00007ff83e7b0000 - 0x00007ff83e83e000 	C:\Program Files\Java\jdk-21\bin\msvcp140.dll
0x00007fffb8e40000 - 0x00007fffb9b55000 	C:\Program Files\Java\jdk-21\bin\server\jvm.dll
0x00007ff874090000 - 0x00007ff8740fb000 	C:\WINDOWS\System32\WS2_32.dll
0x00007ff871c40000 - 0x00007ff871c8b000 	C:\WINDOWS\SYSTEM32\POWRPROF.dll
0x00007ff850cd0000 - 0x00007ff850cf7000 	C:\WINDOWS\SYSTEM32\WINMM.dll
0x00007ff871c20000 - 0x00007ff871c32000 	C:\WINDOWS\SYSTEM32\UMPDC.dll
0x00007ff86f9d0000 - 0x00007ff86f9e2000 	C:\WINDOWS\SYSTEM32\kernel.appcore.dll
0x00007ff861140000 - 0x00007ff86114a000 	C:\Program Files\Java\jdk-21\bin\jimage.dll
0x00007ff864540000 - 0x00007ff864724000 	C:\WINDOWS\SYSTEM32\DBGHELP.DLL
0x00007ff864500000 - 0x00007ff864534000 	C:\WINDOWS\SYSTEM32\dbgcore.DLL
0x00007ff8720d0000 - 0x00007ff872152000 	C:\WINDOWS\System32\bcryptPrimitives.dll
0x00007ff852b00000 - 0x00007ff852b1f000 	C:\Program Files\Java\jdk-21\bin\java.dll

dbghelp: loaded successfully - version: 4.0.5 - missing functions: none
symbol engine: initialized successfully - sym options: 0x614 - pdb path: .;C:\Program Files\Java\jdk-21\bin;C:\WINDOWS\SYSTEM32;C:\WINDOWS\WinSxS\amd64_microsoft.windows.common-controls_6595b64144ccf1df_6.0.19041.4355_none_60b8b9eb71f62e16;C:\Program Files\Java\jdk-21\bin\server

VM Arguments:
jvm_args: -XX:+ShowCodeDetailsInExceptionMessages 
java_command: Dashboard
java_class_path (initial): C:\Users\Sihle.Mtshini\AppData\Roaming\Code\User\workspaceStorage\4e356989e1757527be9ef3fc73951277\redhat.java\jdt_ws\LibraryManagementSystem-1_c787f589\bin;c:\Users\Sihle.Mtshini\Downloads\json-20210307.jar
Launcher Type: SUN_STANDARD

[Global flags]
     intx CICompilerCount                          = 3                                         {product} {ergonomic}
     uint ConcGCThreads                            = 1                                         {product} {ergonomic}
     uint G1ConcRefinementThreads                  = 4                                         {product} {ergonomic}
   size_t G1HeapRegionSize                         = 1048576                                   {product} {ergonomic}
    uintx GCDrainStackTargetSize                   = 64                                        {product} {ergonomic}
   size_t InitialHeapSize                          = 134217728                                 {product} {ergonomic}
   size_t MarkStackSize                            = 4194304                                   {product} {ergonomic}
   size_t MaxHeapSize                              = 2126512128                                {product} {ergonomic}
   size_t MinHeapDeltaBytes                        = 1048576                                   {product} {ergonomic}
   size_t MinHeapSize                              = 8388608                                   {product} {ergonomic}
    uintx NonNMethodCodeHeapSize                   = 5832780                                {pd product} {ergonomic}
    uintx NonProfiledCodeHeapSize                  = 122912730                              {pd product} {ergonomic}
    uintx ProfiledCodeHeapSize                     = 122912730                              {pd product} {ergonomic}
    uintx ReservedCodeCacheSize                    = 251658240                              {pd product} {ergonomic}
     bool SegmentedCodeCache                       = true                                      {product} {ergonomic}
     bool ShowCodeDetailsInExceptionMessages       = true                                   {manageable} {command line}
   size_t SoftMaxHeapSize                          = 2126512128                             {manageable} {ergonomic}
     bool UseCompressedOops                        = true                           {product lp64_product} {ergonomic}
     bool UseG1GC                                  = true                                      {product} {ergonomic}
     bool UseLargePagesIndividualAllocation        = false                                  {pd product} {ergonomic}

Logging:
Log output configuration:
 #0: stdout all=warning uptime,level,tags foldmultilines=false
 #1: stderr all=off uptime,level,tags foldmultilines=false

Environment Variables:
PATH=C:\Program Files\Common Files\Oracle\Java\javapath;C:\Python311\Scripts\;C:\Python311\;C:\WINDOWS\system32;C:\WINDOWS;C:\WINDOWS\System32\Wbem;C:\WINDOWS\System32\WindowsPowerShell\v1.0\;C:\WINDOWS\System32\OpenSSH\;C:\ProgramData\chocolatey\bin;C:\Users\Chumani Madikizela\AppData\Local\Programs\Python\Python311\;C:\Users\Chumani Madikizela\AppData\Local\Programs\Python\Python311\Scripts\;C:\Program Files\Java\jdk-21\bin;C:\Program Files\nodejs\;C:\Users\Sihle.Mtshini\AppData\Local\Programs\Python\Python313\Scripts\;C:\Users\Sihle.Mtshini\AppData\Local\Programs\Python\Python313\;C:\Users\Sihle.Mtshini\AppData\Local\Microsoft\WindowsApps;C:\Users\Sihle.Mtshini\AppData\Local\Programs\Microsoft VS Code\bin;C:\Users\Sihle.Mtshini\AppData\Local\GitHubDesktop\bin;C:\Users\Sihle.Mtshini\Desktop\Git\cmd;C:\Users\Sihle.Mtshini\AppData\Roaming\npm
USERNAME=Sihle.Mtshini
LANG=en_US.UTF-8
OS=Windows_NT
PROCESSOR_IDENTIFIER=Intel64 Family 6 Model 158 Stepping 9, GenuineIntel
TMP=C:\Users\SIHLE~1.MTS\AppData\Local\Temp
TEMP=C:\Users\SIHLE~1.MTS\AppData\Local\Temp




Periodic native trim disabled

---------------  S Y S T E M  ---------------

OS:
 Windows 10 , 64 bit Build 19041 (10.0.19041.3636)
OS uptime: 5 days 21:53 hours

CPU: total 4 (initial active 4) (2 cores per cpu, 2 threads per core) family 6 model 158 stepping 9 microcode 0xea, cx8, cmov, fxsr, ht, mmx, 3dnowpref, sse, sse2, sse3, ssse3, sse4.1, sse4.2, popcnt, lzcnt, tsc, tscinvbit, avx, avx2, aes, erms, clmul, bmi1, bmi2, adx, fma, vzeroupper, clflush, clflushopt, rdtscp, f16c
Processor Information for all 4 processors :
  Max Mhz: 3912, Current Mhz: 3912, Mhz Limit: 3912

Memory: 4k page, system-wide physical 8106M (2841M free)
TotalPageFile size 12007M (AvailPageFile size 96M)
current process WorkingSet (physical memory assigned to process): 10M, peak: 10M
current process commit charge ("private bytes"): 52M, peak: 179M

vm_info: Java HotSpot(TM) 64-Bit Server VM (21.0.1+12-LTS-29) for windows-amd64 JRE (21.0.1+12-LTS-29), built on 2023-10-05T13:27:09Z by "mach5one" with MS VC++ 17.1 (VS2022)

END.
